<?xml version="1.0" encoding="UTF-8"?>
<!-- Generated by org.testng.reporters.JUnitReportReporter -->
<testsuite hostname="DESKTOP-0H09CVT" failures="0" tests="1" name="Ecommerce.Testcases.Registration2" time="22.498" errors="0" timestamp="2023-07-24T14:07:54 IST" skipped="0">
  <testcase classname="Ecommerce.Testcases.Registration2" name="Registr" time="22.498"/>
  <system-out/>
</testsuite> <!-- Ecommerce.Testcases.Registration2 -->
